<?xml version="1.0" encoding="UTF-8"?>
<testsuite xmlns:xsi="http://www.w3.org/2001/XMLSchema-instance" xsi:noNamespaceSchemaLocation="https://maven.apache.org/surefire/maven-surefire-plugin/xsd/surefire-test-report-3.0.xsd" version="3.0" name="com.example.SecureLoginPUC.SecureLoginPUCApplicationTests" time="21.573" tests="1" errors="0" skipped="0" failures="0">
  <properties>
[...]
</properties>
  <testcase name="contextLoads" classname="com.example.SecureLoginPUC.SecureLoginPUCApplicationTests" time="4.32">
    <system-out><![CDATA[
  .   ____          _            __ _ _
 /\\ / ___'_ __ _ _(_)_ __  __ _ \ \ \ \
( ( )\___ | '_ | '_| | '_ \/ _` | \ \ \ \
 \\/  ___)| |_)| | | | | || (_| |  ) ) ) )
  '  |____| .__|_| |_|_| |_\__, | / / / /
 =========|_|==============|___/=/_/_/_/

 :: Spring Boot ::                (v3.3.5)

2026-09-15T16:55:42.950-03:00  INFO 15376 --- [SecureLoginPUC] [           main] c.e.S.SecureLoginPUCApplicationTests     : Starting SecureLoginPUCApplicationTests using Java 25.0.1 with PID 15376 (started by manur in C:\Users\manur\Downloads\Tela-de-Login-com-Spring-Boot-Thymeleaf)
2026-09-15T16:55:42.967-03:00  INFO 15376 --- [SecureLoginPUC] [           main] c.e.S.SecureLoginPUCApplicationTests     : No active profile set, falling back to 1 default profile: "default"
2026-09-15T16:55:50.535-03:00  INFO 15376 --- [SecureLoginPUC] [           main] r$InitializeUserDetailsManagerConfigurer : Global AuthenticationManager configured with UserDetailsService bean with name userDetailsService
2026-09-15T16:55:54.884-03:00  INFO 15376 --- [SecureLoginPUC] [           main] c.e.S.SecureLoginPUCApplicationTests     : Started SecureLoginPUCApplicationTests in 13.832 seconds (process running for 21.484)
]]></system-out>
    <system-err><![CDATA[WARNING: A Java agent has been loaded dynamically (C:\Users\manur\.m2\repository\net\bytebuddy\byte-buddy-agent\1.14.19\byte-buddy-agent-1.14.19.jar)
WARNING: If a serviceability tool is in use, please run with -XX:+EnableDynamicAgentLoading to hide this warning
WARNING: If a serviceability tool is not in use, please run with -Djdk.instrument.traceUsage for more information
WARNING: Dynamic loading of agents will be disallowed by default in a future release
]]></system-err>
  </testcase>
</testsuite>