<?xml version="1.0" encoding="UTF-8"?>
<testsuite xmlns:xsi="http://www.w3.org/2001/XMLSchema-instance" xsi:noNamespaceSchemaLocation="https://maven.apache.org/surefire/maven-surefire-plugin/xsd/surefire-test-report-3.0.xsd" version="3.0" name="com.example.SecureLoginPUC.SecureLoginPUCApplicationTests" time="1.7" tests="1" errors="0" skipped="0" failures="0">
  <properties>
[...]
</properties>
  <testcase name="contextLoads" classname="com.example.SecureLoginPUC.SecureLoginPUCApplicationTests" time="0.362">
    <system-out><![CDATA[
  .   ____          _            __ _ _
 /\\ / ___'_ __ _ _(_)_ __  __ _ \ \ \ \
( ( )\___ | '_ | '_| | '_ \/ _` | \ \ \ \
 \\/  ___)| |_)| | | | | || (_| |  ) ) ) )
  '  |____| .__|_| |_|_| |_\__, | / / / /
 =========|_|==============|___/=/_/_/_/

 :: Spring Boot ::                (v3.3.5)

2026-09-08T21:34:16.591-03:00  INFO 2220 --- [SecureLoginPUC] [           main] c.e.S.SecureLoginPUCApplicationTests     : Starting SecureLoginPUCApplicationTests using Java 25 with PID 2220 (started by 1467275 in C:\Users\1467275\Documents\SecureLoginPUC_2)
2026-09-08T21:34:16.593-03:00  INFO 2220 --- [SecureLoginPUC] [           main] c.e.S.SecureLoginPUCApplicationTests     : No active profile set, falling back to 1 default profile: "default"
2026-09-08T21:34:17.249-03:00  INFO 2220 --- [SecureLoginPUC] [           main] r$InitializeUserDetailsManagerConfigurer : Global AuthenticationManager configured with UserDetailsService bean with name userDetailsService
2026-09-08T21:34:17.546-03:00  INFO 2220 --- [SecureLoginPUC] [           main] c.e.S.SecureLoginPUCApplicationTests     : Started SecureLoginPUCApplicationTests in 1.128 seconds (process running for 4.821)
]]></system-out>
    <system-err><![CDATA[WARNING: A Java agent has been loaded dynamically (C:\Users\1467275\.m2\repository\net\bytebuddy\byte-buddy-agent\1.14.19\byte-buddy-agent-1.14.19.jar)
WARNING: If a serviceability tool is in use, please run with -XX:+EnableDynamicAgentLoading to hide this warning
WARNING: If a serviceability tool is not in use, please run with -Djdk.instrument.traceUsage for more information
WARNING: Dynamic loading of agents will be disallowed by default in a future release
]]></system-err>
  </testcase>
</testsuite>